<?xml version="1.0" encoding="UTF-8"?>
<testng-results skipped="0" failed="0" total="1" passed="1">
  <reporter-output>
  </reporter-output>
  <suite name="Default suite" duration-ms="19230" started-at="2015-02-05T12:56:04Z" finished-at="2015-02-05T12:56:23Z">
    <groups>
    </groups>
    <test name="Default test" duration-ms="19230" started-at="2015-02-05T12:56:04Z" finished-at="2015-02-05T12:56:23Z">
      <class name="icd_p.aol">
        <test-method status="PASS" signature="Test1()[pri:0, instance:icd_p.aol@1540de0]" name="Test1" duration-ms="19220" started-at="2015-02-05T18:26:04Z" finished-at="2015-02-05T18:26:23Z">
          <reporter-output>
          </reporter-output>
        </test-method> <!-- Test1 -->
      </class> <!-- icd_p.aol -->
    </test> <!-- Default test -->
  </suite> <!-- Default suite -->
</testng-results>
